Aug 21, 2009 4:34:54 PM spec.jbb.JBBmain main -> INFO: Logging started
Aug 21, 2009 4:34:55 PM spec.jbb.Company primeWithDummyData -> INFO: Loading Warehouse 1...
Aug 21, 2009 4:34:55 PM spec.jbb.JBBmain DoARun -> INFO: Start User Threads
Aug 21, 2009 4:34:55 PM spec.jbb.JBBmain DoARun -> INFO:   started user thread for Warehouse 1
Aug 21, 2009 4:34:55 PM spec.jbb.Company displayResultTotals -> INFO: Timing Measurement began Fri Aug 21 16:34:55 CST 2009 for 4 minutes
Aug 21, 2009 4:38:56 PM spec.jbb.Company displayResultTotals -> INFO: Timing Measurement ended Fri Aug 21 16:38:55 CST 2009
Aug 21, 2009 4:38:57 PM spec.jbb.Company primeWithDummyData -> INFO: Loading Warehouse 2...
Aug 21, 2009 4:39:11 PM spec.jbb.JBBmain DoARun -> INFO: Start User Threads
Aug 21, 2009 4:39:11 PM spec.jbb.JBBmain DoARun -> INFO:   started user thread for Warehouse 1
Aug 21, 2009 4:39:11 PM spec.jbb.JBBmain DoARun -> INFO:   started user thread for Warehouse 2
Aug 21, 2009 4:39:12 PM spec.jbb.Company displayResultTotals -> INFO: Timing Measurement began Fri Aug 21 16:39:12 CST 2009 for 4 minutes
Aug 21, 2009 4:43:12 PM spec.jbb.Company displayResultTotals -> INFO: Timing Measurement ended Fri Aug 21 16:43:12 CST 2009
Aug 21, 2009 4:43:12 PM spec.jbb.Company primeWithDummyData -> INFO: Loading Warehouse 3...
Aug 21, 2009 4:43:30 PM spec.jbb.JBBmain DoARun -> INFO: Start User Threads
Aug 21, 2009 4:43:30 PM spec.jbb.JBBmain DoARun -> INFO:   started user thread for Warehouse 1
Aug 21, 2009 4:43:30 PM spec.jbb.JBBmain DoARun -> INFO:   started user thread for Warehouse 2
Aug 21, 2009 4:43:30 PM spec.jbb.JBBmain DoARun -> INFO:   started user thread for Warehouse 3
Aug 21, 2009 4:43:30 PM spec.jbb.Company displayResultTotals -> INFO: Timing Measurement began Fri Aug 21 16:43:30 CST 2009 for 4 minutes
Aug 21, 2009 4:47:30 PM spec.jbb.Company displayResultTotals -> INFO: Timing Measurement ended Fri Aug 21 16:47:30 CST 2009
Aug 21, 2009 4:47:32 PM spec.jbb.Company primeWithDummyData -> INFO: Loading Warehouse 4...
Aug 21, 2009 4:48:09 PM spec.jbb.JBBmain DoARun -> INFO: Start User Threads
Aug 21, 2009 4:48:09 PM spec.jbb.JBBmain DoARun -> INFO:   started user thread for Warehouse 1
Aug 21, 2009 4:48:09 PM spec.jbb.JBBmain DoARun -> INFO:   started user thread for Warehouse 2
Aug 21, 2009 4:48:09 PM spec.jbb.JBBmain DoARun -> INFO:   started user thread for Warehouse 3
Aug 21, 2009 4:48:10 PM spec.jbb.JBBmain DoARun -> INFO:   started user thread for Warehouse 4
Aug 21, 2009 4:48:10 PM spec.jbb.Company displayResultTotals -> INFO: Timing Measurement began Fri Aug 21 16:48:10 CST 2009 for 4 minutes
Aug 21, 2009 4:52:26 PM spec.jbb.Company displayResultTotals -> INFO: Timing Measurement ended Fri Aug 21 16:52:26 CST 2009
Aug 21, 2009 4:52:28 PM spec.jbb.Company primeWithDummyData -> INFO: Loading Warehouse 5...
Aug 21, 2009 4:52:55 PM spec.jbb.JBBmain DoARun -> INFO: Start User Threads
Aug 21, 2009 4:52:55 PM spec.jbb.JBBmain DoARun -> INFO:   started user thread for Warehouse 1
Aug 21, 2009 4:52:55 PM spec.jbb.JBBmain DoARun -> INFO:   started user thread for Warehouse 2
Aug 21, 2009 4:52:55 PM spec.jbb.JBBmain DoARun -> INFO:   started user thread for Warehouse 3
Aug 21, 2009 4:52:55 PM spec.jbb.JBBmain DoARun -> INFO:   started user thread for Warehouse 4
Aug 21, 2009 4:52:55 PM spec.jbb.JBBmain DoARun -> INFO:   started user thread for Warehouse 5
Aug 21, 2009 4:52:56 PM spec.jbb.Company displayResultTotals -> INFO: Timing Measurement began Fri Aug 21 16:52:56 CST 2009 for 4 minutes
Aug 21, 2009 4:56:56 PM spec.jbb.Company displayResultTotals -> INFO: Timing Measurement ended Fri Aug 21 16:56:56 CST 2009
Aug 21, 2009 4:57:00 PM spec.jbb.Company primeWithDummyData -> INFO: Loading Warehouse 6...
Aug 21, 2009 4:57:51 PM spec.jbb.JBBmain DoARun -> INFO: Start User Threads
Aug 21, 2009 4:57:51 PM spec.jbb.JBBmain DoARun -> INFO:   started user thread for Warehouse 1
Aug 21, 2009 4:57:51 PM spec.jbb.JBBmain DoARun -> INFO:   started user thread for Warehouse 2
Aug 21, 2009 4:57:51 PM spec.jbb.JBBmain DoARun -> INFO:   started user thread for Warehouse 3
Aug 21, 2009 4:57:51 PM spec.jbb.JBBmain DoARun -> INFO:   started user thread for Warehouse 4
Aug 21, 2009 4:57:51 PM spec.jbb.JBBmain DoARun -> INFO:   started user thread for Warehouse 5
Aug 21, 2009 4:57:52 PM spec.jbb.JBBmain DoARun -> INFO:   started user thread for Warehouse 6
Aug 21, 2009 4:57:53 PM spec.jbb.Company displayResultTotals -> INFO: Timing Measurement began Fri Aug 21 16:57:53 CST 2009 for 4 minutes
Aug 21, 2009 5:01:53 PM spec.jbb.Company displayResultTotals -> INFO: Timing Measurement ended Fri Aug 21 17:01:53 CST 2009
Aug 21, 2009 5:01:57 PM spec.jbb.Company primeWithDummyData -> INFO: Loading Warehouse 7...
Aug 21, 2009 5:02:54 PM spec.jbb.JBBmain DoARun -> INFO: Start User Threads
Aug 21, 2009 5:02:54 PM spec.jbb.JBBmain DoARun -> INFO:   started user thread for Warehouse 1
Aug 21, 2009 5:02:54 PM spec.jbb.JBBmain DoARun -> INFO:   started user thread for Warehouse 2
Aug 21, 2009 5:02:54 PM spec.jbb.JBBmain DoARun -> INFO:   started user thread for Warehouse 3
Aug 21, 2009 5:02:54 PM spec.jbb.JBBmain DoARun -> INFO:   started user thread for Warehouse 4
Aug 21, 2009 5:02:54 PM spec.jbb.JBBmain DoARun -> INFO:   started user thread for Warehouse 5
Aug 21, 2009 5:02:54 PM spec.jbb.JBBmain DoARun -> INFO:   started user thread for Warehouse 6
Aug 21, 2009 5:02:54 PM spec.jbb.JBBmain DoARun -> INFO:   started user thread for Warehouse 7
Aug 21, 2009 5:02:55 PM spec.jbb.Company displayResultTotals -> INFO: Timing Measurement began Fri Aug 21 17:02:55 CST 2009 for 4 minutes
Aug 21, 2009 5:06:55 PM spec.jbb.Company displayResultTotals -> INFO: Timing Measurement ended Fri Aug 21 17:06:55 CST 2009
Aug 21, 2009 5:06:57 PM spec.jbb.Company primeWithDummyData -> INFO: Loading Warehouse 8...
Aug 21, 2009 5:07:50 PM spec.jbb.JBBmain DoARun -> INFO: Start User Threads
Aug 21, 2009 5:07:50 PM spec.jbb.JBBmain DoARun -> INFO:   started user thread for Warehouse 1
Aug 21, 2009 5:07:50 PM spec.jbb.JBBmain DoARun -> INFO:   started user thread for Warehouse 2
Aug 21, 2009 5:07:50 PM spec.jbb.JBBmain DoARun -> INFO:   started user thread for Warehouse 3
Aug 21, 2009 5:07:50 PM spec.jbb.JBBmain DoARun -> INFO:   started user thread for Warehouse 4
Aug 21, 2009 5:07:50 PM spec.jbb.JBBmain DoARun -> INFO:   started user thread for Warehouse 5
Aug 21, 2009 5:07:50 PM spec.jbb.JBBmain DoARun -> INFO:   started user thread for Warehouse 6
Aug 21, 2009 5:07:51 PM spec.jbb.JBBmain DoARun -> INFO:   started user thread for Warehouse 7
Aug 21, 2009 5:07:51 PM spec.jbb.JBBmain DoARun -> INFO:   started user thread for Warehouse 8
Aug 21, 2009 5:07:51 PM spec.jbb.Company displayResultTotals -> INFO: Timing Measurement began Fri Aug 21 17:07:51 CST 2009 for 4 minutes
Aug 21, 2009 5:11:54 PM spec.jbb.Company displayResultTotals -> INFO: Timing Measurement ended Fri Aug 21 17:11:52 CST 2009
Aug 21, 2009 5:12:06 PM spec.jbb.JBBmain callReporter -> INFO: Calling Reporter
Aug 21, 2009 5:12:20 PM spec.jbb.JBBmain main -> INFO: Logging ended
