十二月 12, 2016 10:27:25 上午 spec.jbb.JBBmain main -> 信息: Logging started
十二月 12, 2016 10:27:25 上午 spec.jbb.Company primeWithDummyData -> 信息: Loading Warehouse 1...
十二月 12, 2016 10:27:26 上午 spec.jbb.JBBmain DoARun -> 信息: Start User Threads
十二月 12, 2016 10:27:26 上午 spec.jbb.JBBmain DoARun -> 信息:   started user thread for Warehouse 1
十二月 12, 2016 10:27:26 上午 spec.jbb.Company displayResultTotals -> 信息: Timing Measurement began Mon Dec 12 10:27:26 CST 2016 for 0.5 minutes
十二月 12, 2016 10:27:56 上午 spec.jbb.Company displayResultTotals -> 信息: Timing Measurement ended Mon Dec 12 10:27:56 CST 2016
十二月 12, 2016 10:27:56 上午 spec.jbb.Company primeWithDummyData -> 信息: Loading Warehouse 2...
十二月 12, 2016 10:27:56 上午 spec.jbb.JBBmain DoARun -> 信息: Start User Threads
十二月 12, 2016 10:27:56 上午 spec.jbb.JBBmain DoARun -> 信息:   started user thread for Warehouse 1
十二月 12, 2016 10:27:56 上午 spec.jbb.JBBmain DoARun -> 信息:   started user thread for Warehouse 2
十二月 12, 2016 10:27:56 上午 spec.jbb.Company displayResultTotals -> 信息: Timing Measurement began Mon Dec 12 10:27:56 CST 2016 for 0.5 minutes
十二月 12, 2016 10:28:26 上午 spec.jbb.Company displayResultTotals -> 信息: Timing Measurement ended Mon Dec 12 10:28:26 CST 2016
十二月 12, 2016 10:28:26 上午 spec.jbb.Company primeWithDummyData -> 信息: Loading Warehouse 3...
十二月 12, 2016 10:28:26 上午 spec.jbb.JBBmain DoARun -> 信息: Start User Threads
十二月 12, 2016 10:28:26 上午 spec.jbb.JBBmain DoARun -> 信息:   started user thread for Warehouse 1
十二月 12, 2016 10:28:26 上午 spec.jbb.JBBmain DoARun -> 信息:   started user thread for Warehouse 2
十二月 12, 2016 10:28:26 上午 spec.jbb.JBBmain DoARun -> 信息:   started user thread for Warehouse 3
十二月 12, 2016 10:28:26 上午 spec.jbb.Company displayResultTotals -> 信息: Timing Measurement began Mon Dec 12 10:28:26 CST 2016 for 0.5 minutes
十二月 12, 2016 10:28:56 上午 spec.jbb.Company displayResultTotals -> 信息: Timing Measurement ended Mon Dec 12 10:28:56 CST 2016
十二月 12, 2016 10:28:56 上午 spec.jbb.Company primeWithDummyData -> 信息: Loading Warehouse 4...
十二月 12, 2016 10:28:56 上午 spec.jbb.JBBmain DoARun -> 信息: Start User Threads
十二月 12, 2016 10:28:56 上午 spec.jbb.JBBmain DoARun -> 信息:   started user thread for Warehouse 1
十二月 12, 2016 10:28:56 上午 spec.jbb.JBBmain DoARun -> 信息:   started user thread for Warehouse 2
十二月 12, 2016 10:28:56 上午 spec.jbb.JBBmain DoARun -> 信息:   started user thread for Warehouse 3
十二月 12, 2016 10:28:56 上午 spec.jbb.JBBmain DoARun -> 信息:   started user thread for Warehouse 4
十二月 12, 2016 10:28:56 上午 spec.jbb.Company displayResultTotals -> 信息: Timing Measurement began Mon Dec 12 10:28:56 CST 2016 for 4 minutes
十二月 12, 2016 10:32:56 上午 spec.jbb.Company displayResultTotals -> 信息: Timing Measurement ended Mon Dec 12 10:32:56 CST 2016
十二月 12, 2016 10:32:56 上午 spec.jbb.Company primeWithDummyData -> 信息: Loading Warehouse 5...
十二月 12, 2016 10:32:56 上午 spec.jbb.JBBmain DoARun -> 信息: Start User Threads
十二月 12, 2016 10:32:56 上午 spec.jbb.JBBmain DoARun -> 信息:   started user thread for Warehouse 1
十二月 12, 2016 10:32:56 上午 spec.jbb.JBBmain DoARun -> 信息:   started user thread for Warehouse 2
十二月 12, 2016 10:32:56 上午 spec.jbb.JBBmain DoARun -> 信息:   started user thread for Warehouse 3
十二月 12, 2016 10:32:56 上午 spec.jbb.JBBmain DoARun -> 信息:   started user thread for Warehouse 4
十二月 12, 2016 10:32:56 上午 spec.jbb.JBBmain DoARun -> 信息:   started user thread for Warehouse 5
十二月 12, 2016 10:32:56 上午 spec.jbb.Company displayResultTotals -> 信息: Timing Measurement began Mon Dec 12 10:32:56 CST 2016 for 4 minutes
十二月 12, 2016 10:36:56 上午 spec.jbb.Company displayResultTotals -> 信息: Timing Measurement ended Mon Dec 12 10:36:56 CST 2016
十二月 12, 2016 10:36:56 上午 spec.jbb.Company primeWithDummyData -> 信息: Loading Warehouse 6...
十二月 12, 2016 10:36:56 上午 spec.jbb.JBBmain DoARun -> 信息: Start User Threads
十二月 12, 2016 10:36:56 上午 spec.jbb.JBBmain DoARun -> 信息:   started user thread for Warehouse 1
十二月 12, 2016 10:36:56 上午 spec.jbb.JBBmain DoARun -> 信息:   started user thread for Warehouse 2
十二月 12, 2016 10:36:56 上午 spec.jbb.JBBmain DoARun -> 信息:   started user thread for Warehouse 3
十二月 12, 2016 10:36:56 上午 spec.jbb.JBBmain DoARun -> 信息:   started user thread for Warehouse 4
十二月 12, 2016 10:36:56 上午 spec.jbb.JBBmain DoARun -> 信息:   started user thread for Warehouse 5
十二月 12, 2016 10:36:56 上午 spec.jbb.JBBmain DoARun -> 信息:   started user thread for Warehouse 6
十二月 12, 2016 10:36:56 上午 spec.jbb.Company displayResultTotals -> 信息: Timing Measurement began Mon Dec 12 10:36:56 CST 2016 for 4 minutes
十二月 12, 2016 10:40:56 上午 spec.jbb.Company displayResultTotals -> 信息: Timing Measurement ended Mon Dec 12 10:40:56 CST 2016
十二月 12, 2016 10:40:56 上午 spec.jbb.Company primeWithDummyData -> 信息: Loading Warehouse 7...
十二月 12, 2016 10:40:56 上午 spec.jbb.JBBmain DoARun -> 信息: Start User Threads
十二月 12, 2016 10:40:56 上午 spec.jbb.JBBmain DoARun -> 信息:   started user thread for Warehouse 1
十二月 12, 2016 10:40:56 上午 spec.jbb.JBBmain DoARun -> 信息:   started user thread for Warehouse 2
十二月 12, 2016 10:40:56 上午 spec.jbb.JBBmain DoARun -> 信息:   started user thread for Warehouse 3
十二月 12, 2016 10:40:56 上午 spec.jbb.JBBmain DoARun -> 信息:   started user thread for Warehouse 4
十二月 12, 2016 10:40:56 上午 spec.jbb.JBBmain DoARun -> 信息:   started user thread for Warehouse 5
十二月 12, 2016 10:40:56 上午 spec.jbb.JBBmain DoARun -> 信息:   started user thread for Warehouse 6
十二月 12, 2016 10:40:56 上午 spec.jbb.JBBmain DoARun -> 信息:   started user thread for Warehouse 7
十二月 12, 2016 10:40:56 上午 spec.jbb.Company displayResultTotals -> 信息: Timing Measurement began Mon Dec 12 10:40:56 CST 2016 for 4 minutes
十二月 12, 2016 10:44:56 上午 spec.jbb.Company displayResultTotals -> 信息: Timing Measurement ended Mon Dec 12 10:44:56 CST 2016
十二月 12, 2016 10:44:56 上午 spec.jbb.Company primeWithDummyData -> 信息: Loading Warehouse 8...
十二月 12, 2016 10:44:56 上午 spec.jbb.JBBmain DoARun -> 信息: Start User Threads
十二月 12, 2016 10:44:56 上午 spec.jbb.JBBmain DoARun -> 信息:   started user thread for Warehouse 1
十二月 12, 2016 10:44:56 上午 spec.jbb.JBBmain DoARun -> 信息:   started user thread for Warehouse 2
十二月 12, 2016 10:44:56 上午 spec.jbb.JBBmain DoARun -> 信息:   started user thread for Warehouse 3
十二月 12, 2016 10:44:56 上午 spec.jbb.JBBmain DoARun -> 信息:   started user thread for Warehouse 4
十二月 12, 2016 10:44:56 上午 spec.jbb.JBBmain DoARun -> 信息:   started user thread for Warehouse 5
十二月 12, 2016 10:44:56 上午 spec.jbb.JBBmain DoARun -> 信息:   started user thread for Warehouse 6
十二月 12, 2016 10:44:56 上午 spec.jbb.JBBmain DoARun -> 信息:   started user thread for Warehouse 7
十二月 12, 2016 10:44:56 上午 spec.jbb.JBBmain DoARun -> 信息:   started user thread for Warehouse 8
十二月 12, 2016 10:44:56 上午 spec.jbb.Company displayResultTotals -> 信息: Timing Measurement began Mon Dec 12 10:44:56 CST 2016 for 4 minutes
十二月 12, 2016 10:48:56 上午 spec.jbb.Company displayResultTotals -> 信息: Timing Measurement ended Mon Dec 12 10:48:56 CST 2016
十二月 12, 2016 10:48:57 上午 spec.jbb.JBBmain callReporter -> 信息: Calling Reporter
十二月 12, 2016 10:48:58 上午 spec.jbb.JBBmain main -> 信息: Logging ended
