Aug 21, 2009 2:34:07 PM spec.jbb.JBBmain main -> INFO: Logging started
Aug 21, 2009 2:34:08 PM spec.jbb.Company primeWithDummyData -> INFO: Loading Warehouse 1...
Aug 21, 2009 2:34:09 PM spec.jbb.Company primeWithDummyData -> INFO: Loading Warehouse 2...
Aug 21, 2009 2:34:10 PM spec.jbb.Company primeWithDummyData -> INFO: Loading Warehouse 3...
Aug 21, 2009 2:34:11 PM spec.jbb.Company primeWithDummyData -> INFO: Loading Warehouse 4...
Aug 21, 2009 2:34:12 PM spec.jbb.Company primeWithDummyData -> INFO: Loading Warehouse 5...
Aug 21, 2009 2:34:12 PM spec.jbb.Company primeWithDummyData -> INFO: Loading Warehouse 6...
Aug 21, 2009 2:34:13 PM spec.jbb.Company primeWithDummyData -> INFO: Loading Warehouse 7...
Aug 21, 2009 2:34:14 PM spec.jbb.Company primeWithDummyData -> INFO: Loading Warehouse 8...
Aug 21, 2009 2:34:15 PM spec.jbb.JBBmain DoARun -> INFO: Start User Threads
Aug 21, 2009 2:34:15 PM spec.jbb.JBBmain DoARun -> INFO:   started user thread for Warehouse 1
Aug 21, 2009 2:34:15 PM spec.jbb.JBBmain DoARun -> INFO:   started user thread for Warehouse 2
Aug 21, 2009 2:34:15 PM spec.jbb.JBBmain DoARun -> INFO:   started user thread for Warehouse 3
Aug 21, 2009 2:34:16 PM spec.jbb.JBBmain DoARun -> INFO:   started user thread for Warehouse 4
Aug 21, 2009 2:34:16 PM spec.jbb.JBBmain DoARun -> INFO:   started user thread for Warehouse 5
Aug 21, 2009 2:34:16 PM spec.jbb.JBBmain DoARun -> INFO:   started user thread for Warehouse 6
Aug 21, 2009 2:34:16 PM spec.jbb.JBBmain DoARun -> INFO:   started user thread for Warehouse 7
Aug 21, 2009 2:34:16 PM spec.jbb.JBBmain DoARun -> INFO:   started user thread for Warehouse 8
Aug 21, 2009 2:34:16 PM spec.jbb.Company displayResultTotals -> INFO: Timing Measurement began Fri Aug 21 14:34:16 CST 2009 for 4 minutes
Aug 21, 2009 2:38:17 PM spec.jbb.Company displayResultTotals -> INFO: Timing Measurement ended Fri Aug 21 14:38:17 CST 2009
Aug 21, 2009 2:38:21 PM spec.jbb.JBBmain callReporter -> INFO: Calling Reporter
Aug 21, 2009 2:38:27 PM spec.jbb.JBBmain main -> INFO: Logging ended
