Aug 21, 2009 2:22:07 PM spec.jbb.JBBmain main -> INFO: Logging started
Aug 21, 2009 2:22:08 PM spec.jbb.Company primeWithDummyData -> INFO: Loading Warehouse 1...
Aug 21, 2009 2:22:08 PM spec.jbb.Company primeWithDummyData -> INFO: Loading Warehouse 2...
Aug 21, 2009 2:22:09 PM spec.jbb.Company primeWithDummyData -> INFO: Loading Warehouse 3...
Aug 21, 2009 2:22:09 PM spec.jbb.Company primeWithDummyData -> INFO: Loading Warehouse 4...
Aug 21, 2009 2:22:10 PM spec.jbb.Company primeWithDummyData -> INFO: Loading Warehouse 5...
Aug 21, 2009 2:22:10 PM spec.jbb.Company primeWithDummyData -> INFO: Loading Warehouse 6...
Aug 21, 2009 2:22:11 PM spec.jbb.Company primeWithDummyData -> INFO: Loading Warehouse 7...
Aug 21, 2009 2:22:11 PM spec.jbb.Company primeWithDummyData -> INFO: Loading Warehouse 8...
Aug 21, 2009 2:22:11 PM spec.jbb.JBBmain DoARun -> INFO: Start User Threads
Aug 21, 2009 2:22:11 PM spec.jbb.JBBmain DoARun -> INFO:   started user thread for Warehouse 1
Aug 21, 2009 2:22:12 PM spec.jbb.JBBmain DoARun -> INFO:   started user thread for Warehouse 2
Aug 21, 2009 2:22:12 PM spec.jbb.JBBmain DoARun -> INFO:   started user thread for Warehouse 3
Aug 21, 2009 2:22:12 PM spec.jbb.JBBmain DoARun -> INFO:   started user thread for Warehouse 4
Aug 21, 2009 2:22:12 PM spec.jbb.JBBmain DoARun -> INFO:   started user thread for Warehouse 5
Aug 21, 2009 2:22:12 PM spec.jbb.JBBmain DoARun -> INFO:   started user thread for Warehouse 6
Aug 21, 2009 2:22:12 PM spec.jbb.JBBmain DoARun -> INFO:   started user thread for Warehouse 7
Aug 21, 2009 2:22:12 PM spec.jbb.JBBmain DoARun -> INFO:   started user thread for Warehouse 8
Aug 21, 2009 2:22:12 PM spec.jbb.Company displayResultTotals -> INFO: Timing Measurement began Fri Aug 21 14:22:12 CST 2009 for 4 minutes
Aug 21, 2009 2:26:54 PM spec.jbb.Company displayResultTotals -> INFO: Timing Measurement ended Fri Aug 21 14:26:54 CST 2009
Aug 21, 2009 2:27:00 PM spec.jbb.JBBmain callReporter -> INFO: Calling Reporter
Aug 21, 2009 2:27:07 PM spec.jbb.JBBmain main -> INFO: Logging ended
