Aug 21, 2009 11:00:39 AM spec.jbb.JBBmain main -> INFO: Logging started
Aug 21, 2009 11:00:40 AM spec.jbb.Company primeWithDummyData -> INFO: Loading Warehouse 1...
Aug 21, 2009 11:00:40 AM spec.jbb.Company primeWithDummyData -> INFO: Loading Warehouse 2...
Aug 21, 2009 11:00:40 AM spec.jbb.Company primeWithDummyData -> INFO: Loading Warehouse 3...
Aug 21, 2009 11:00:40 AM spec.jbb.Company primeWithDummyData -> INFO: Loading Warehouse 4...
Aug 21, 2009 11:00:41 AM spec.jbb.Company primeWithDummyData -> INFO: Loading Warehouse 5...
Aug 21, 2009 11:00:41 AM spec.jbb.Company primeWithDummyData -> INFO: Loading Warehouse 6...
Aug 21, 2009 11:00:41 AM spec.jbb.Company primeWithDummyData -> INFO: Loading Warehouse 7...
Aug 21, 2009 11:00:42 AM spec.jbb.Company primeWithDummyData -> INFO: Loading Warehouse 8...
Aug 21, 2009 11:00:42 AM spec.jbb.JBBmain DoARun -> INFO: Start User Threads
Aug 21, 2009 11:00:42 AM spec.jbb.JBBmain DoARun -> INFO:   started user thread for Warehouse 1
Aug 21, 2009 11:00:42 AM spec.jbb.JBBmain DoARun -> INFO:   started user thread for Warehouse 2
Aug 21, 2009 11:00:42 AM spec.jbb.JBBmain DoARun -> INFO:   started user thread for Warehouse 3
Aug 21, 2009 11:00:42 AM spec.jbb.JBBmain DoARun -> INFO:   started user thread for Warehouse 4
Aug 21, 2009 11:00:42 AM spec.jbb.JBBmain DoARun -> INFO:   started user thread for Warehouse 5
Aug 21, 2009 11:00:42 AM spec.jbb.JBBmain DoARun -> INFO:   started user thread for Warehouse 6
Aug 21, 2009 11:00:42 AM spec.jbb.JBBmain DoARun -> INFO:   started user thread for Warehouse 7
Aug 21, 2009 11:00:42 AM spec.jbb.JBBmain DoARun -> INFO:   started user thread for Warehouse 8
Aug 21, 2009 11:00:42 AM spec.jbb.Company displayResultTotals -> INFO: Timing Measurement began Fri Aug 21 11:00:42 CST 2009 for 4 minutes
Aug 21, 2009 11:04:42 AM spec.jbb.Company displayResultTotals -> INFO: Timing Measurement ended Fri Aug 21 11:04:42 CST 2009
Aug 21, 2009 11:04:45 AM spec.jbb.JBBmain callReporter -> INFO: Calling Reporter
Aug 21, 2009 11:04:49 AM spec.jbb.JBBmain main -> INFO: Logging ended
