Aug 21, 2009 3:29:44 PM spec.jbb.JBBmain main -> INFO: Logging started
Aug 21, 2009 3:29:45 PM spec.jbb.Company primeWithDummyData -> INFO: Loading Warehouse 1...
Aug 21, 2009 3:29:45 PM spec.jbb.Company primeWithDummyData -> INFO: Loading Warehouse 2...
Aug 21, 2009 3:29:45 PM spec.jbb.Company primeWithDummyData -> INFO: Loading Warehouse 3...
Aug 21, 2009 3:29:45 PM spec.jbb.Company primeWithDummyData -> INFO: Loading Warehouse 4...
Aug 21, 2009 3:29:46 PM spec.jbb.Company primeWithDummyData -> INFO: Loading Warehouse 5...
Aug 21, 2009 3:29:46 PM spec.jbb.Company primeWithDummyData -> INFO: Loading Warehouse 6...
Aug 21, 2009 3:29:46 PM spec.jbb.Company primeWithDummyData -> INFO: Loading Warehouse 7...
Aug 21, 2009 3:29:46 PM spec.jbb.Company primeWithDummyData -> INFO: Loading Warehouse 8...
Aug 21, 2009 3:29:47 PM spec.jbb.JBBmain DoARun -> INFO: Start User Threads
Aug 21, 2009 3:29:47 PM spec.jbb.JBBmain DoARun -> INFO:   started user thread for Warehouse 1
Aug 21, 2009 3:29:47 PM spec.jbb.JBBmain DoARun -> INFO:   started user thread for Warehouse 2
Aug 21, 2009 3:29:47 PM spec.jbb.JBBmain DoARun -> INFO:   started user thread for Warehouse 3
Aug 21, 2009 3:29:47 PM spec.jbb.JBBmain DoARun -> INFO:   started user thread for Warehouse 4
Aug 21, 2009 3:29:47 PM spec.jbb.JBBmain DoARun -> INFO:   started user thread for Warehouse 5
Aug 21, 2009 3:29:47 PM spec.jbb.JBBmain DoARun -> INFO:   started user thread for Warehouse 6
Aug 21, 2009 3:29:47 PM spec.jbb.JBBmain DoARun -> INFO:   started user thread for Warehouse 7
Aug 21, 2009 3:29:47 PM spec.jbb.JBBmain DoARun -> INFO:   started user thread for Warehouse 8
Aug 21, 2009 3:29:47 PM spec.jbb.Company displayResultTotals -> INFO: Timing Measurement began Fri Aug 21 15:29:47 CST 2009 for 4 minutes
Aug 21, 2009 3:33:48 PM spec.jbb.Company displayResultTotals -> INFO: Timing Measurement ended Fri Aug 21 15:33:48 CST 2009
Aug 21, 2009 3:33:51 PM spec.jbb.JBBmain callReporter -> INFO: Calling Reporter
Aug 21, 2009 3:33:56 PM spec.jbb.JBBmain main -> INFO: Logging ended
